  DrawManager.cpp
c:\users\user\source\repos\project12\project12\drawmanager.cpp(109): warning C4018: '>': signed 또는 unsigned가 일치하지 않습니다.
c:\users\user\source\repos\project12\project12\drawmanager.cpp(217): warning C4101: 'OlbBitMapObstacle' :참조되지 않은 지역 변수입니다.
c:\users\user\source\repos\project12\project12\drawmanager.cpp(270): warning C4244: '인수': 'float'에서 'const int'(으)로 변환하면서 데이터가 손실될 수 있습니다.
c:\users\user\source\repos\project12\project12\drawmanager.cpp(271): warning C4244: '인수': 'float'에서 'const int'(으)로 변환하면서 데이터가 손실될 수 있습니다.
c:\users\user\source\repos\project12\project12\drawmanager.cpp(272): warning C4244: '인수': 'float'에서 'const int'(으)로 변환하면서 데이터가 손실될 수 있습니다.
c:\users\user\source\repos\project12\project12\drawmanager.cpp(273): warning C4244: '인수': 'float'에서 'const int'(으)로 변환하면서 데이터가 손실될 수 있습니다.
c:\users\user\source\repos\project12\project12\drawmanager.cpp(278): warning C4244: '인수': 'float'에서 'const int'(으)로 변환하면서 데이터가 손실될 수 있습니다.
c:\users\user\source\repos\project12\project12\drawmanager.cpp(279): warning C4244: '인수': 'float'에서 'const int'(으)로 변환하면서 데이터가 손실될 수 있습니다.
c:\users\user\source\repos\project12\project12\drawmanager.cpp(280): warning C4244: '인수': 'float'에서 'const int'(으)로 변환하면서 데이터가 손실될 수 있습니다.
c:\users\user\source\repos\project12\project12\drawmanager.cpp(281): warning C4244: '인수': 'float'에서 'const int'(으)로 변환하면서 데이터가 손실될 수 있습니다.
c:\users\user\source\repos\project12\project12\drawmanager.cpp(302): warning C4838: 'float'에서 'LONG'(으)로의 변환에는 축소 변환이 필요합니다.
c:\users\user\source\repos\project12\project12\drawmanager.cpp(301): warning C4244: '초기화 중': 'float'에서 'LONG'(으)로 변환하면서 데이터가 손실될 수 있습니다.
c:\users\user\source\repos\project12\project12\drawmanager.cpp(302): warning C4244: '초기화 중': 'float'에서 'LONG'(으)로 변환하면서 데이터가 손실될 수 있습니다.
c:\users\user\source\repos\project12\project12\drawmanager.cpp(321): warning C4244: '초기화 중': 'float'에서 'int'(으)로 변환하면서 데이터가 손실될 수 있습니다.
c:\users\user\source\repos\project12\project12\drawmanager.cpp(331): warning C4838: 'float'에서 'LONG'(으)로의 변환에는 축소 변환이 필요합니다.
c:\users\user\source\repos\project12\project12\drawmanager.cpp(328): warning C4244: '초기화 중': 'float'에서 'LONG'(으)로 변환하면서 데이터가 손실될 수 있습니다.
c:\users\user\source\repos\project12\project12\drawmanager.cpp(330): warning C4244: '초기화 중': 'float'에서 'LONG'(으)로 변환하면서 데이터가 손실될 수 있습니다.
c:\users\user\source\repos\project12\project12\drawmanager.cpp(334): warning C4838: 'float'에서 'LONG'(으)로의 변환에는 축소 변환이 필요합니다.
c:\users\user\source\repos\project12\project12\drawmanager.cpp(332): warning C4244: '초기화 중': 'float'에서 'LONG'(으)로 변환하면서 데이터가 손실될 수 있습니다.
c:\users\user\source\repos\project12\project12\drawmanager.cpp(334): warning C4244: '초기화 중': 'float'에서 'LONG'(으)로 변환하면서 데이터가 손실될 수 있습니다.
c:\users\user\source\repos\project12\project12\drawmanager.cpp(403): warning C4244: '초기화 중': 'float'에서 'int'(으)로 변환하면서 데이터가 손실될 수 있습니다.
  Project12.vcxproj -> C:\Users\User\source\repos\Project12\Debug\Project12.exe
